2014-05-15 11:31:20,578 [ua.gov.pv.defektplet.importExport.RailsStringsList.createRailsStrings(RailsStringsList.java:42)] [RailsStringsList.java] [java.lang.IllegalStateException: Cannot get a numeric value from a text cell] 
 2014-05-15 11:33:44,781 [createRailsStrings] [42        ] [java.lang.IllegalStateException: Cannot get a numeric value from a text cell] 
 2014-05-15 11:35:01,546 [RailsStringsList.java] [42        ] [[Ljava.lang.StackTraceElement;@1293ce7] 
 2014-05-15 11:35:51,453 [RailsStringsList.java] [42        ] [[Ljava.lang.StackTraceElement;@147bc1e] 
 2014-05-15 11:36:30,203 [RailsStringsList.java] [42        ] [[Ljava.lang.StackTraceElement;@1af73a4] 
 2014-05-15 11:49:53,375 [RailsStringsList.java] [50        ] [java.lang.IllegalStateException: Cannot get a numeric value from a text cell
	at org.apache.poi.hssf.usermodel.HSSFCell.typeMismatch(HSSFCell.java:648)
	at org.apache.poi.hssf.usermodel.HSSFCell.getNumericCellValue(HSSFCell.java:673)
	at ua.gov.pv.defektplet.importExport.RailsStringsList.createRailsStrings(RailsStringsList.java:35)
	at ua.gov.pv.defektplet.importExport.RailsStringsList.<init>(RailsStringsList.java:23)
	at ua.gov.pv.defektplet.importExport.Import.getListForImport(Import.java:57)
	at ua.gov.pv.defektplet.importExport.Import.importDB(Import.java:31)
	at ua.gov.pv.defektplet.ui.DefectStrings.jButton1ActionPerformed(DefectStrings.java:88)
	at ua.gov.pv.defektplet.ui.DefectStrings.access$000(DefectStrings.java:22)
	at ua.gov.pv.defektplet.ui.DefectStrings$1.actionPerformed(DefectStrings.java:51)
	at javax.swing.AbstractButton.fireActionPerformed(AbstractButton.java:2018)
	at javax.swing.AbstractButton$Handler.actionPerformed(AbstractButton.java:2341)
	at javax.swing.DefaultButtonModel.fireActionPerformed(DefaultButtonModel.java:402)
	at javax.swing.DefaultButtonModel.setPressed(DefaultButtonModel.java:259)
	at javax.swing.plaf.basic.BasicButtonListener.mouseReleased(BasicButtonListener.java:252)
	at java.awt.Component.processMouseEvent(Component.java:6505)
	at javax.swing.JComponent.processMouseEvent(JComponent.java:3320)
	at java.awt.Component.processEvent(Component.java:6270)
	at java.awt.Container.processEvent(Container.java:2229)
	at java.awt.Component.dispatchEventImpl(Component.java:4861)
	at java.awt.Container.dispatchEventImpl(Container.java:2287)
	at java.awt.Component.dispatchEvent(Component.java:4687)
	at java.awt.LightweightDispatcher.retargetMouseEvent(Container.java:4832)
	at java.awt.LightweightDispatcher.processMouseEvent(Container.java:4492)
	at java.awt.LightweightDispatcher.dispatchEvent(Container.java:4422)
	at java.awt.Container.dispatchEventImpl(Container.java:2273)
	at java.awt.Window.dispatchEventImpl(Window.java:2719)
	at java.awt.Component.dispatchEvent(Component.java:4687)
	at java.awt.EventQueue.dispatchEventImpl(EventQueue.java:735)
	at java.awt.EventQueue.access$200(EventQueue.java:103)
	at java.awt.EventQueue$3.run(EventQueue.java:694)
	at java.awt.EventQueue$3.run(EventQueue.java:692)
	at java.security.AccessController.doPrivileged(Native Method)
	at java.security.ProtectionDomain$1.doIntersectionPrivilege(ProtectionDomain.java:76)
	at java.security.ProtectionDomain$1.doIntersectionPrivilege(ProtectionDomain.java:87)
	at java.awt.EventQueue$4.run(EventQueue.java:708)
	at java.awt.EventQueue$4.run(EventQueue.java:706)
	at java.security.AccessController.doPrivileged(Native Method)
	at java.security.ProtectionDomain$1.doIntersectionPrivilege(ProtectionDomain.java:76)
	at java.awt.EventQueue.dispatchEvent(EventQueue.java:705)
	at java.awt.EventDispatchThread.pumpOneEventForFilters(EventDispatchThread.java:242)
	at java.awt.EventDispatchThread.pumpEventsForFilter(EventDispatchThread.java:161)
	at java.awt.EventDispatchThread.pumpEventsForHierarchy(EventDispatchThread.java:150)
	at java.awt.EventDispatchThread.pumpEvents(EventDispatchThread.java:146)
	at java.awt.EventDispatchThread.pumpEvents(EventDispatchThread.java:138)
	at java.awt.EventDispatchThread.run(EventDispatchThread.java:91)
] 
 2014-05-15 11:54:46,718 [RailsStringsList.java] [50        ] [java.lang.IllegalStateException: Cannot get a numeric value from a text cell
	at org.apache.poi.hssf.usermodel.HSSFCell.typeMismatch(HSSFCell.java:648)
	at org.apache.poi.hssf.usermodel.HSSFCell.getNumericCellValue(HSSFCell.java:673)
	at ua.gov.pv.defektplet.importExport.RailsStringsList.createRailsStrings(RailsStringsList.java:36)
	at ua.gov.pv.defektplet.importExport.RailsStringsList.<init>(RailsStringsList.java:24)
	at ua.gov.pv.defektplet.importExport.Import.getListForImport(Import.java:57)
	at ua.gov.pv.defektplet.importExport.Import.importDB(Import.java:31)
	at ua.gov.pv.defektplet.ui.DefectStrings.jButton1ActionPerformed(DefectStrings.java:88)
	at ua.gov.pv.defektplet.ui.DefectStrings.access$000(DefectStrings.java:22)
	at ua.gov.pv.defektplet.ui.DefectStrings$1.actionPerformed(DefectStrings.java:51)
	at javax.swing.AbstractButton.fireActionPerformed(AbstractButton.java:2018)
	at javax.swing.AbstractButton$Handler.actionPerformed(AbstractButton.java:2341)
	at javax.swing.DefaultButtonModel.fireActionPerformed(DefaultButtonModel.java:402)
	at javax.swing.DefaultButtonModel.setPressed(DefaultButtonModel.java:259)
	at javax.swing.plaf.basic.BasicButtonListener.mouseReleased(BasicButtonListener.java:252)
	at java.awt.Component.processMouseEvent(Component.java:6505)
	at javax.swing.JComponent.processMouseEvent(JComponent.java:3320)
	at java.awt.Component.processEvent(Component.java:6270)
	at java.awt.Container.processEvent(Container.java:2229)
	at java.awt.Component.dispatchEventImpl(Component.java:4861)
	at java.awt.Container.dispatchEventImpl(Container.java:2287)
	at java.awt.Component.dispatchEvent(Component.java:4687)
	at java.awt.LightweightDispatcher.retargetMouseEvent(Container.java:4832)
	at java.awt.LightweightDispatcher.processMouseEvent(Container.java:4492)
	at java.awt.LightweightDispatcher.dispatchEvent(Container.java:4422)
	at java.awt.Container.dispatchEventImpl(Container.java:2273)
	at java.awt.Window.dispatchEventImpl(Window.java:2719)
	at java.awt.Component.dispatchEvent(Component.java:4687)
	at java.awt.EventQueue.dispatchEventImpl(EventQueue.java:735)
	at java.awt.EventQueue.access$200(EventQueue.java:103)
	at java.awt.EventQueue$3.run(EventQueue.java:694)
	at java.awt.EventQueue$3.run(EventQueue.java:692)
	at java.security.AccessController.doPrivileged(Native Method)
	at java.security.ProtectionDomain$1.doIntersectionPrivilege(ProtectionDomain.java:76)
	at java.security.ProtectionDomain$1.doIntersectionPrivilege(ProtectionDomain.java:87)
	at java.awt.EventQueue$4.run(EventQueue.java:708)
	at java.awt.EventQueue$4.run(EventQueue.java:706)
	at java.security.AccessController.doPrivileged(Native Method)
	at java.security.ProtectionDomain$1.doIntersectionPrivilege(ProtectionDomain.java:76)
	at java.awt.EventQueue.dispatchEvent(EventQueue.java:705)
	at java.awt.EventDispatchThread.pumpOneEventForFilters(EventDispatchThread.java:242)
	at java.awt.EventDispatchThread.pumpEventsForFilter(EventDispatchThread.java:161)
	at java.awt.EventDispatchThread.pumpEventsForHierarchy(EventDispatchThread.java:150)
	at java.awt.EventDispatchThread.pumpEvents(EventDispatchThread.java:146)
	at java.awt.EventDispatchThread.pumpEvents(EventDispatchThread.java:138)
	at java.awt.EventDispatchThread.run(EventDispatchThread.java:91)
] 
 2014-05-15 14:42:39,937 [RailsStringsList.java] [47        ] [Помилка при імпортуванні Відомостей плітей: Лист: ПЧ Рядок:426 Комірка;] 
 